[INFO] [2017-07-10 23:23:15][org.springframework.context.support.ClassPathXmlApplicationContext]Refreshing org.springframework.context.support.ClassPathXmlApplicationContext@2d6a9952: startup date [Mon Jul 10 23:23:15 CST 2017]; root of context hierarchy
[INFO] [2017-07-10 23:23:15][org.springframework.beans.factory.xml.XmlBeanDefinitionReader]Loading XML bean definitions from class path resource [spring-hibernate.xml]
[INFO] [2017-07-10 23:23:16][org.springframework.beans.factory.config.PropertyPlaceholderConfigurer]Loading properties file from class path resource [config.properties]
[INFO] [2017-07-10 23:23:16][org.springframework.beans.factory.annotation.AutowiredAnnotationBeanPostProcessor]JSR-330 'javax.inject.Inject' annotation found and supported for autowiring
[INFO] [2017-07-10 23:23:16][org.hibernate.annotations.common.Version]HCANN000001: Hibernate Commons Annotations {5.0.1.Final}
[INFO] [2017-07-10 23:23:16][org.hibernate.Version]HHH000412: Hibernate Core {4.3.8.Final}
[INFO] [2017-07-10 23:23:16][org.hibernate.cfg.Environment]HHH000206: hibernate.properties not found
[INFO] [2017-07-10 23:23:16][org.hibernate.cfg.Environment]HHH000021: Bytecode provider name : javassist
[WARN] [2017-07-10 23:23:16][org.hibernate.engine.jdbc.internal.JdbcServicesImpl]HHH000342: Could not obtain connection to query metadata : Cannot load JDBC driver class 'com.mysql.jdbc.Driver  '
[INFO] [2017-07-10 23:23:16][org.hibernate.dialect.Dialect]HHH000400: Using dialect: org.hibernate.dialect.MySQLDialect
[INFO] [2017-07-10 23:23:16][org.hibernate.engine.jdbc.internal.LobCreatorBuilder]HHH000422: Disabling contextual LOB creation as connection was null
[INFO] [2017-07-10 23:23:16][org.hibernate.engine.transaction.internal.TransactionFactoryInitiator]HHH000399: Using default transaction strategy (direct JDBC transactions)
[INFO] [2017-07-10 23:23:16][org.hibernate.hql.internal.ast.ASTQueryTranslatorFactory]HHH000397: Using ASTQueryTranslatorFactory
[WARN] [2017-07-10 23:23:16][org.hibernate.cfg.SettingsFactory]Unrecognized value for "hibernate.hbm2ddl.auto": update  
[INFO] [2017-07-10 23:23:17][org.springframework.orm.hibernate4.HibernateTransactionManager]Using DataSource [org.apache.commons.dbcp.BasicDataSource@1a1da881] of Hibernate SessionFactory for HibernateTransactionManager
[INFO] [2017-07-10 23:28:04][org.springframework.context.support.ClassPathXmlApplicationContext]Refreshing org.springframework.context.support.ClassPathXmlApplicationContext@17211155: startup date [Mon Jul 10 23:28:04 CST 2017]; root of context hierarchy
[INFO] [2017-07-10 23:28:04][org.springframework.beans.factory.xml.XmlBeanDefinitionReader]Loading XML bean definitions from class path resource [spring-hibernate.xml]
[INFO] [2017-07-10 23:28:04][org.springframework.beans.factory.config.PropertyPlaceholderConfigurer]Loading properties file from class path resource [config.properties]
[INFO] [2017-07-10 23:28:04][org.springframework.beans.factory.annotation.AutowiredAnnotationBeanPostProcessor]JSR-330 'javax.inject.Inject' annotation found and supported for autowiring
[INFO] [2017-07-10 23:28:05][org.hibernate.annotations.common.Version]HCANN000001: Hibernate Commons Annotations {5.0.1.Final}
[INFO] [2017-07-10 23:28:05][org.hibernate.Version]HHH000412: Hibernate Core {4.3.8.Final}
[INFO] [2017-07-10 23:28:05][org.hibernate.cfg.Environment]HHH000206: hibernate.properties not found
[INFO] [2017-07-10 23:28:05][org.hibernate.cfg.Environment]HHH000021: Bytecode provider name : javassist
[WARN] [2017-07-10 23:28:05][org.hibernate.engine.jdbc.internal.JdbcServicesImpl]HHH000342: Could not obtain connection to query metadata : Cannot load JDBC driver class 'com.mysql.jdbc.Driver  '
[INFO] [2017-07-10 23:28:05][org.hibernate.dialect.Dialect]HHH000400: Using dialect: org.hibernate.dialect.MySQLDialect
[INFO] [2017-07-10 23:28:05][org.hibernate.engine.jdbc.internal.LobCreatorBuilder]HHH000422: Disabling contextual LOB creation as connection was null
[INFO] [2017-07-10 23:28:05][org.hibernate.engine.transaction.internal.TransactionFactoryInitiator]HHH000399: Using default transaction strategy (direct JDBC transactions)
[INFO] [2017-07-10 23:28:05][org.hibernate.hql.internal.ast.ASTQueryTranslatorFactory]HHH000397: Using ASTQueryTranslatorFactory
[WARN] [2017-07-10 23:28:05][org.hibernate.cfg.SettingsFactory]Unrecognized value for "hibernate.hbm2ddl.auto": update  
[INFO] [2017-07-10 23:28:06][org.springframework.orm.hibernate4.HibernateTransactionManager]Using DataSource [org.apache.commons.dbcp.BasicDataSource@5524b72f] of Hibernate SessionFactory for HibernateTransactionManager
[INFO] [2017-07-10 23:28:33][org.springframework.context.support.ClassPathXmlApplicationContext]Refreshing org.springframework.context.support.ClassPathXmlApplicationContext@17211155: startup date [Mon Jul 10 23:28:33 CST 2017]; root of context hierarchy
[INFO] [2017-07-10 23:28:33][org.springframework.beans.factory.xml.XmlBeanDefinitionReader]Loading XML bean definitions from class path resource [spring-hibernate.xml]
[INFO] [2017-07-10 23:28:34][org.springframework.beans.factory.config.PropertyPlaceholderConfigurer]Loading properties file from class path resource [config.properties]
[INFO] [2017-07-10 23:28:34][org.springframework.beans.factory.annotation.AutowiredAnnotationBeanPostProcessor]JSR-330 'javax.inject.Inject' annotation found and supported for autowiring
[INFO] [2017-07-10 23:28:34][org.hibernate.annotations.common.Version]HCANN000001: Hibernate Commons Annotations {5.0.1.Final}
[INFO] [2017-07-10 23:28:34][org.hibernate.Version]HHH000412: Hibernate Core {4.3.8.Final}
[INFO] [2017-07-10 23:28:34][org.hibernate.cfg.Environment]HHH000206: hibernate.properties not found
[INFO] [2017-07-10 23:28:34][org.hibernate.cfg.Environment]HHH000021: Bytecode provider name : javassist
[WARN] [2017-07-10 23:28:34][org.hibernate.engine.jdbc.internal.JdbcServicesImpl]HHH000342: Could not obtain connection to query metadata : Cannot load JDBC driver class 'com.mysql.jdbc.Driver  '
[INFO] [2017-07-10 23:28:34][org.hibernate.dialect.Dialect]HHH000400: Using dialect: org.hibernate.dialect.MySQLDialect
[INFO] [2017-07-10 23:28:34][org.hibernate.engine.jdbc.internal.LobCreatorBuilder]HHH000422: Disabling contextual LOB creation as connection was null
[INFO] [2017-07-10 23:28:35][org.hibernate.engine.transaction.internal.TransactionFactoryInitiator]HHH000399: Using default transaction strategy (direct JDBC transactions)
[INFO] [2017-07-10 23:28:35][org.hibernate.hql.internal.ast.ASTQueryTranslatorFactory]HHH000397: Using ASTQueryTranslatorFactory
[WARN] [2017-07-10 23:28:35][org.hibernate.cfg.SettingsFactory]Unrecognized value for "hibernate.hbm2ddl.auto": update  
[INFO] [2017-07-10 23:28:35][org.springframework.orm.hibernate4.HibernateTransactionManager]Using DataSource [org.apache.commons.dbcp.BasicDataSource@2cc03cd1] of Hibernate SessionFactory for HibernateTransactionManager
[WARN] [2017-07-10 23:28:35][org.hibernate.engine.jdbc.spi.SqlExceptionHelper]SQL Error: 0, SQLState: null
[ERROR] [2017-07-10 23:28:35][org.hibernate.engine.jdbc.spi.SqlExceptionHelper]Cannot load JDBC driver class 'com.mysql.jdbc.Driver  '
[INFO] [2017-07-10 23:28:35][org.hibernate.event.internal.DefaultLoadEventListener]HHH000327: Error performing load command : org.hibernate.exception.GenericJDBCException: Could not open connection
[INFO] [2017-07-10 23:37:19][org.springframework.context.support.ClassPathXmlApplicationContext]Refreshing org.springframework.context.support.ClassPathXmlApplicationContext@17211155: startup date [Mon Jul 10 23:37:19 CST 2017]; root of context hierarchy
[INFO] [2017-07-10 23:37:19][org.springframework.beans.factory.xml.XmlBeanDefinitionReader]Loading XML bean definitions from class path resource [spring-hibernate.xml]
[INFO] [2017-07-10 23:37:19][org.springframework.beans.factory.config.PropertyPlaceholderConfigurer]Loading properties file from class path resource [config.properties]
[INFO] [2017-07-10 23:37:19][org.springframework.beans.factory.annotation.AutowiredAnnotationBeanPostProcessor]JSR-330 'javax.inject.Inject' annotation found and supported for autowiring
[INFO] [2017-07-10 23:37:20][org.hibernate.annotations.common.Version]HCANN000001: Hibernate Commons Annotations {5.0.1.Final}
[INFO] [2017-07-10 23:37:20][org.hibernate.Version]HHH000412: Hibernate Core {4.3.8.Final}
[INFO] [2017-07-10 23:37:20][org.hibernate.cfg.Environment]HHH000206: hibernate.properties not found
[INFO] [2017-07-10 23:37:20][org.hibernate.cfg.Environment]HHH000021: Bytecode provider name : javassist
[WARN] [2017-07-10 23:37:20][org.hibernate.engine.jdbc.internal.JdbcServicesImpl]HHH000342: Could not obtain connection to query metadata : Cannot load JDBC driver class 'com.mysql.jdbc.Driver  '
[INFO] [2017-07-10 23:37:20][org.hibernate.dialect.Dialect]HHH000400: Using dialect: org.hibernate.dialect.MySQLDialect
[INFO] [2017-07-10 23:37:20][org.hibernate.engine.jdbc.internal.LobCreatorBuilder]HHH000422: Disabling contextual LOB creation as connection was null
[INFO] [2017-07-10 23:37:20][org.hibernate.engine.transaction.internal.TransactionFactoryInitiator]HHH000399: Using default transaction strategy (direct JDBC transactions)
[INFO] [2017-07-10 23:37:20][org.hibernate.hql.internal.ast.ASTQueryTranslatorFactory]HHH000397: Using ASTQueryTranslatorFactory
[WARN] [2017-07-10 23:37:20][org.hibernate.cfg.SettingsFactory]Unrecognized value for "hibernate.hbm2ddl.auto": update  
[INFO] [2017-07-10 23:37:21][org.springframework.orm.hibernate4.HibernateTransactionManager]Using DataSource [org.apache.commons.dbcp.BasicDataSource@151ef57f] of Hibernate SessionFactory for HibernateTransactionManager
[WARN] [2017-07-10 23:37:21][org.hibernate.engine.jdbc.spi.SqlExceptionHelper]SQL Error: 0, SQLState: null
[ERROR] [2017-07-10 23:37:21][org.hibernate.engine.jdbc.spi.SqlExceptionHelper]Cannot load JDBC driver class 'com.mysql.jdbc.Driver  '
[INFO] [2017-07-10 23:37:21][org.hibernate.event.internal.DefaultLoadEventListener]HHH000327: Error performing load command : org.hibernate.exception.GenericJDBCException: Could not open connection
[INFO] [2017-07-10 23:37:51][org.springframework.context.support.ClassPathXmlApplicationContext]Refreshing org.springframework.context.support.ClassPathXmlApplicationContext@17211155: startup date [Mon Jul 10 23:37:51 CST 2017]; root of context hierarchy
[INFO] [2017-07-10 23:37:51][org.springframework.beans.factory.xml.XmlBeanDefinitionReader]Loading XML bean definitions from class path resource [spring-hibernate.xml]
[INFO] [2017-07-10 23:37:51][org.springframework.beans.factory.config.PropertyPlaceholderConfigurer]Loading properties file from class path resource [config.properties]
[INFO] [2017-07-10 23:37:51][org.springframework.beans.factory.annotation.AutowiredAnnotationBeanPostProcessor]JSR-330 'javax.inject.Inject' annotation found and supported for autowiring
[INFO] [2017-07-10 23:37:52][org.hibernate.annotations.common.Version]HCANN000001: Hibernate Commons Annotations {5.0.1.Final}
[INFO] [2017-07-10 23:37:52][org.hibernate.Version]HHH000412: Hibernate Core {4.3.8.Final}
[INFO] [2017-07-10 23:37:52][org.hibernate.cfg.Environment]HHH000206: hibernate.properties not found
[INFO] [2017-07-10 23:37:52][org.hibernate.cfg.Environment]HHH000021: Bytecode provider name : javassist
[WARN] [2017-07-10 23:37:52][org.hibernate.engine.jdbc.internal.JdbcServicesImpl]HHH000342: Could not obtain connection to query metadata : Cannot load JDBC driver class 'com.mysql.jdbc.Driver  '
[INFO] [2017-07-10 23:37:52][org.hibernate.dialect.Dialect]HHH000400: Using dialect: org.hibernate.dialect.MySQLDialect
[INFO] [2017-07-10 23:37:52][org.hibernate.engine.jdbc.internal.LobCreatorBuilder]HHH000422: Disabling contextual LOB creation as connection was null
[INFO] [2017-07-10 23:37:52][org.hibernate.engine.transaction.internal.TransactionFactoryInitiator]HHH000399: Using default transaction strategy (direct JDBC transactions)
[INFO] [2017-07-10 23:37:52][org.hibernate.hql.internal.ast.ASTQueryTranslatorFactory]HHH000397: Using ASTQueryTranslatorFactory
[WARN] [2017-07-10 23:37:52][org.hibernate.cfg.SettingsFactory]Unrecognized value for "hibernate.hbm2ddl.auto": update  
[INFO] [2017-07-10 23:37:52][org.springframework.orm.hibernate4.HibernateTransactionManager]Using DataSource [org.apache.commons.dbcp.BasicDataSource@151ef57f] of Hibernate SessionFactory for HibernateTransactionManager
[WARN] [2017-07-10 23:37:53][org.hibernate.engine.jdbc.spi.SqlExceptionHelper]SQL Error: 0, SQLState: null
[ERROR] [2017-07-10 23:37:53][org.hibernate.engine.jdbc.spi.SqlExceptionHelper]Cannot load JDBC driver class 'com.mysql.jdbc.Driver  '
[INFO] [2017-07-10 23:37:53][org.hibernate.event.internal.DefaultLoadEventListener]HHH000327: Error performing load command : org.hibernate.exception.GenericJDBCException: Could not open connection
[INFO] [2017-07-10 23:39:50][org.springframework.context.support.ClassPathXmlApplicationContext]Refreshing org.springframework.context.support.ClassPathXmlApplicationContext@17211155: startup date [Mon Jul 10 23:39:50 CST 2017]; root of context hierarchy
[INFO] [2017-07-10 23:39:50][org.springframework.beans.factory.xml.XmlBeanDefinitionReader]Loading XML bean definitions from class path resource [spring-hibernate.xml]
[INFO] [2017-07-10 23:39:50][org.springframework.beans.factory.config.PropertyPlaceholderConfigurer]Loading properties file from class path resource [config.properties]
[INFO] [2017-07-10 23:39:50][org.springframework.beans.factory.annotation.AutowiredAnnotationBeanPostProcessor]JSR-330 'javax.inject.Inject' annotation found and supported for autowiring
[INFO] [2017-07-10 23:39:51][org.hibernate.annotations.common.Version]HCANN000001: Hibernate Commons Annotations {5.0.1.Final}
[INFO] [2017-07-10 23:39:51][org.hibernate.Version]HHH000412: Hibernate Core {4.3.8.Final}
[INFO] [2017-07-10 23:39:51][org.hibernate.cfg.Environment]HHH000206: hibernate.properties not found
[INFO] [2017-07-10 23:39:51][org.hibernate.cfg.Environment]HHH000021: Bytecode provider name : javassist
[INFO] [2017-07-10 23:39:51][org.hibernate.dialect.Dialect]HHH000400: Using dialect: org.hibernate.dialect.MySQLDialect
[INFO] [2017-07-10 23:39:51][org.hibernate.engine.transaction.internal.TransactionFactoryInitiator]HHH000399: Using default transaction strategy (direct JDBC transactions)
[INFO] [2017-07-10 23:39:51][org.hibernate.hql.internal.ast.ASTQueryTranslatorFactory]HHH000397: Using ASTQueryTranslatorFactory
[INFO] [2017-07-10 23:39:52][org.hibernate.tool.hbm2ddl.SchemaUpdate]HHH000228: Running hbm2ddl schema update
[INFO] [2017-07-10 23:39:52][org.hibernate.tool.hbm2ddl.SchemaUpdate]HHH000102: Fetching database metadata
[INFO] [2017-07-10 23:39:52][org.hibernate.tool.hbm2ddl.SchemaUpdate]HHH000396: Updating schema
[INFO] [2017-07-10 23:39:52][org.hibernate.tool.hbm2ddl.TableMetadata]HHH000261: Table found: seckill.user
[INFO] [2017-07-10 23:39:52][org.hibernate.tool.hbm2ddl.TableMetadata]HHH000037: Columns: [uid, password, code, phone, name, state, addr, email, username]
[INFO] [2017-07-10 23:39:52][org.hibernate.tool.hbm2ddl.TableMetadata]HHH000108: Foreign keys: []
[INFO] [2017-07-10 23:39:52][org.hibernate.tool.hbm2ddl.TableMetadata]HHH000126: Indexes: [primary]
[INFO] [2017-07-10 23:39:52][org.hibernate.tool.hbm2ddl.SchemaUpdate]HHH000232: Schema update complete
[INFO] [2017-07-10 23:39:52][org.springframework.orm.hibernate4.HibernateTransactionManager]Using DataSource [org.apache.commons.dbcp.BasicDataSource@1640190a] of Hibernate SessionFactory for HibernateTransactionManager
[INFO] [2017-07-11 09:33:39][org.springframework.context.support.ClassPathXmlApplicationContext]Refreshing org.springframework.context.support.ClassPathXmlApplicationContext@17211155: startup date [Tue Jul 11 09:33:39 CST 2017]; root of context hierarchy
[INFO] [2017-07-11 09:33:39][org.springframework.beans.factory.xml.XmlBeanDefinitionReader]Loading XML bean definitions from class path resource [spring-hibernate.xml]
[INFO] [2017-07-11 09:33:40][org.springframework.beans.factory.config.PropertyPlaceholderConfigurer]Loading properties file from class path resource [config.properties]
[INFO] [2017-07-11 09:33:40][org.springframework.beans.factory.annotation.AutowiredAnnotationBeanPostProcessor]JSR-330 'javax.inject.Inject' annotation found and supported for autowiring
[INFO] [2017-07-11 09:33:40][org.hibernate.annotations.common.Version]HCANN000001: Hibernate Commons Annotations {5.0.1.Final}
[INFO] [2017-07-11 09:33:40][org.hibernate.Version]HHH000412: Hibernate Core {4.3.8.Final}
[INFO] [2017-07-11 09:33:40][org.hibernate.cfg.Environment]HHH000206: hibernate.properties not found
[INFO] [2017-07-11 09:33:40][org.hibernate.cfg.Environment]HHH000021: Bytecode provider name : javassist
[INFO] [2017-07-11 09:33:41][org.hibernate.dialect.Dialect]HHH000400: Using dialect: org.hibernate.dialect.MySQLDialect
[INFO] [2017-07-11 09:33:42][org.hibernate.engine.transaction.internal.TransactionFactoryInitiator]HHH000399: Using default transaction strategy (direct JDBC transactions)
[INFO] [2017-07-11 09:33:42][org.hibernate.hql.internal.ast.ASTQueryTranslatorFactory]HHH000397: Using ASTQueryTranslatorFactory
[INFO] [2017-07-11 09:33:42][org.hibernate.tool.hbm2ddl.SchemaUpdate]HHH000228: Running hbm2ddl schema update
[INFO] [2017-07-11 09:33:42][org.hibernate.tool.hbm2ddl.SchemaUpdate]HHH000102: Fetching database metadata
[INFO] [2017-07-11 09:33:42][org.hibernate.tool.hbm2ddl.SchemaUpdate]HHH000396: Updating schema
[INFO] [2017-07-11 09:33:42][org.hibernate.tool.hbm2ddl.TableMetadata]HHH000261: Table found: seckill.user
[INFO] [2017-07-11 09:33:42][org.hibernate.tool.hbm2ddl.TableMetadata]HHH000037: Columns: [uid, password, code, phone, name, state, addr, checkcode, email, username]
[INFO] [2017-07-11 09:33:42][org.hibernate.tool.hbm2ddl.TableMetadata]HHH000108: Foreign keys: []
[INFO] [2017-07-11 09:33:42][org.hibernate.tool.hbm2ddl.TableMetadata]HHH000126: Indexes: [primary]
[INFO] [2017-07-11 09:33:42][org.hibernate.tool.hbm2ddl.SchemaUpdate]HHH000232: Schema update complete
[INFO] [2017-07-11 09:33:42][org.springframework.orm.hibernate4.HibernateTransactionManager]Using DataSource [org.apache.commons.dbcp.BasicDataSource@2f66f0d0] of Hibernate SessionFactory for HibernateTransactionManager
[INFO] [2017-07-11 10:49:42][org.springframework.context.support.ClassPathXmlApplicationContext]Refreshing org.springframework.context.support.ClassPathXmlApplicationContext@2d6a9952: startup date [Tue Jul 11 10:49:42 CST 2017]; root of context hierarchy
[INFO] [2017-07-11 10:49:42][org.springframework.beans.factory.xml.XmlBeanDefinitionReader]Loading XML bean definitions from class path resource [spring-mvc.xml]
[INFO] [2017-07-11 10:49:42][org.springframework.beans.factory.annotation.AutowiredAnnotationBeanPostProcessor]JSR-330 'javax.inject.Inject' annotation found and supported for autowiring
[INFO] [2017-07-11 10:49:43][org.springframework.web.servlet.mvc.method.annotation.RequestMappingHandlerMapping]Mapped "{[/user/toIndex],methods=[],params=[],headers=[],consumes=[],produces=[],custom=[]}" onto public java.lang.String com.hzyc.sekill.controller.UserController.toIndex()
[INFO] [2017-07-11 10:49:43][org.springframework.web.servlet.handler.SimpleUrlHandlerMapping]Mapped URL path [/js/**] onto handler 'org.springframework.web.servlet.resource.ResourceHttpRequestHandler#0'
[INFO] [2017-07-11 10:49:43][org.springframework.web.servlet.handler.SimpleUrlHandlerMapping]Mapped URL path [/css/**] onto handler 'org.springframework.web.servlet.resource.ResourceHttpRequestHandler#1'
[INFO] [2017-07-11 10:49:43][org.springframework.web.servlet.handler.SimpleUrlHandlerMapping]Mapped URL path [/img/**] onto handler 'org.springframework.web.servlet.resource.ResourceHttpRequestHandler#2'
[INFO] [2017-07-19 22:41:52][org.springframework.beans.factory.xml.XmlBeanDefinitionReader]Loading XML bean definitions from URL [file:/D:/Tools/eclipseWorkspace/Sekill/target/classes/spring-hibernate.xml]
[INFO] [2017-07-19 22:41:52][org.springframework.context.support.GenericApplicationContext]Refreshing org.springframework.context.support.GenericApplicationContext@2c34f934: startup date [Wed Jul 19 22:41:52 CST 2017]; root of context hierarchy
[INFO] [2017-07-19 22:41:52][org.springframework.beans.factory.config.PropertyPlaceholderConfigurer]Loading properties file from class path resource [config.properties]
[INFO] [2017-07-19 22:41:52][org.springframework.beans.factory.annotation.AutowiredAnnotationBeanPostProcessor]JSR-330 'javax.inject.Inject' annotation found and supported for autowiring
[INFO] [2017-07-19 22:41:53][org.hibernate.annotations.common.Version]HCANN000001: Hibernate Commons Annotations {5.0.1.Final}
[INFO] [2017-07-19 22:41:53][org.hibernate.Version]HHH000412: Hibernate Core {4.3.8.Final}
[INFO] [2017-07-19 22:41:53][org.hibernate.cfg.Environment]HHH000206: hibernate.properties not found
[INFO] [2017-07-19 22:41:53][org.hibernate.cfg.Environment]HHH000021: Bytecode provider name : javassist
[INFO] [2017-07-19 22:41:53][org.hibernate.dialect.Dialect]HHH000400: Using dialect: org.hibernate.dialect.MySQLDialect
[INFO] [2017-07-19 22:41:53][org.hibernate.engine.transaction.internal.TransactionFactoryInitiator]HHH000399: Using default transaction strategy (direct JDBC transactions)
[INFO] [2017-07-19 22:41:53][org.hibernate.hql.internal.ast.ASTQueryTranslatorFactory]HHH000397: Using ASTQueryTranslatorFactory
[INFO] [2017-07-19 22:41:54][org.hibernate.tool.hbm2ddl.SchemaUpdate]HHH000228: Running hbm2ddl schema update
[INFO] [2017-07-19 22:41:54][org.hibernate.tool.hbm2ddl.SchemaUpdate]HHH000102: Fetching database metadata
[INFO] [2017-07-19 22:41:54][org.hibernate.tool.hbm2ddl.SchemaUpdate]HHH000396: Updating schema
[INFO] [2017-07-19 22:41:54][org.hibernate.tool.hbm2ddl.TableMetadata]HHH000261: Table found: seckill.category
[INFO] [2017-07-19 22:41:54][org.hibernate.tool.hbm2ddl.TableMetadata]HHH000037: Columns: [cname, cid]
[INFO] [2017-07-19 22:41:54][org.hibernate.tool.hbm2ddl.TableMetadata]HHH000108: Foreign keys: []
[INFO] [2017-07-19 22:41:54][org.hibernate.tool.hbm2ddl.TableMetadata]HHH000126: Indexes: [primary]
[INFO] [2017-07-19 22:41:54][org.hibernate.tool.hbm2ddl.TableMetadata]HHH000261: Table found: seckill.categorysecond
[INFO] [2017-07-19 22:41:54][org.hibernate.tool.hbm2ddl.TableMetadata]HHH000037: Columns: [csid, csname, cid]
[INFO] [2017-07-19 22:41:54][org.hibernate.tool.hbm2ddl.TableMetadata]HHH000108: Foreign keys: [fk936fcaf21db1fd15]
[INFO] [2017-07-19 22:41:54][org.hibernate.tool.hbm2ddl.TableMetadata]HHH000126: Indexes: [fk936fcaf21db1fd15, primary]
[INFO] [2017-07-19 22:41:54][org.hibernate.tool.hbm2ddl.TableMetadata]HHH000261: Table found: seckill.gattr
[INFO] [2017-07-19 22:41:54][org.hibernate.tool.hbm2ddl.TableMetadata]HHH000037: Columns: [gid, id, tid]
[INFO] [2017-07-19 22:41:54][org.hibernate.tool.hbm2ddl.TableMetadata]HHH000108: Foreign keys: [gattr_ibfk_1, gattr_ibfk_2]
[INFO] [2017-07-19 22:41:54][org.hibernate.tool.hbm2ddl.TableMetadata]HHH000126: Indexes: [gid, tid, primary]
[INFO] [2017-07-19 22:41:54][org.hibernate.tool.hbm2ddl.TableMetadata]HHH000261: Table found: seckill.gimg
[INFO] [2017-07-19 22:41:54][org.hibernate.tool.hbm2ddl.TableMetadata]HHH000037: Columns: [gid, src, id]
[INFO] [2017-07-19 22:41:54][org.hibernate.tool.hbm2ddl.TableMetadata]HHH000108: Foreign keys: [gimg_ibfk_1]
[INFO] [2017-07-19 22:41:54][org.hibernate.tool.hbm2ddl.TableMetadata]HHH000126: Indexes: [fk_lo9iqrr1s4mwcs3wp4w93t6t4, primary]
[INFO] [2017-07-19 22:41:54][org.hibernate.tool.hbm2ddl.TableMetadata]HHH000261: Table found: seckill.goods
[INFO] [2017-07-19 22:41:54][org.hibernate.tool.hbm2ddl.TableMetadata]HHH000037: Columns: [gprice, gcount, gdesc, gid, gupdatetime, csid, gaddtime, gname, cid]
[INFO] [2017-07-19 22:41:54][org.hibernate.tool.hbm2ddl.TableMetadata]HHH000108: Foreign keys: [goods_ibfk_2, goods_ibfk_1]
[INFO] [2017-07-19 22:41:54][org.hibernate.tool.hbm2ddl.TableMetadata]HHH000126: Indexes: [goods_ibfk_2, goods_ibfk_1, primary]
[INFO] [2017-07-19 22:41:54][org.hibernate.tool.hbm2ddl.TableMetadata]HHH000261: Table found: seckill.seckill
[INFO] [2017-07-19 22:41:54][org.hibernate.tool.hbm2ddl.TableMetadata]HHH000037: Columns: [totalcount, gid, price, remcount, endtime, starttime, sid]
[INFO] [2017-07-19 22:41:54][org.hibernate.tool.hbm2ddl.TableMetadata]HHH000108: Foreign keys: [seckill_ibfk_1]
[INFO] [2017-07-19 22:41:54][org.hibernate.tool.hbm2ddl.TableMetadata]HHH000126: Indexes: [gid, primary]
[INFO] [2017-07-19 22:41:54][org.hibernate.tool.hbm2ddl.TableMetadata]HHH000261: Table found: seckill.template
[INFO] [2017-07-19 22:41:54][org.hibernate.tool.hbm2ddl.TableMetadata]HHH000037: Columns: [tvalue, csid, tname, id]
[INFO] [2017-07-19 22:41:54][org.hibernate.tool.hbm2ddl.TableMetadata]HHH000108: Foreign keys: [template_ibfk_1]
[INFO] [2017-07-19 22:41:54][org.hibernate.tool.hbm2ddl.TableMetadata]HHH000126: Indexes: [csid, primary]
[INFO] [2017-07-19 22:41:54][org.hibernate.tool.hbm2ddl.TableMetadata]HHH000261: Table found: seckill.user
[INFO] [2017-07-19 22:41:54][org.hibernate.tool.hbm2ddl.TableMetadata]HHH000037: Columns: [uid, password, code, phone, name, state, addr, checkcode, email, username]
[INFO] [2017-07-19 22:41:54][org.hibernate.tool.hbm2ddl.TableMetadata]HHH000108: Foreign keys: []
[INFO] [2017-07-19 22:41:54][org.hibernate.tool.hbm2ddl.TableMetadata]HHH000126: Indexes: [primary]
[INFO] [2017-07-19 22:41:54][org.hibernate.tool.hbm2ddl.SchemaUpdate]HHH000232: Schema update complete
[INFO] [2017-07-19 22:41:54][org.springframework.orm.hibernate4.HibernateTransactionManager]Using DataSource [org.apache.commons.dbcp.BasicDataSource@7f1ef916] of Hibernate SessionFactory for HibernateTransactionManager
[WARN] [2017-07-19 22:41:55][org.hibernate.engine.jdbc.spi.SqlExceptionHelper]SQL Error: 1263, SQLState: 22001
[ERROR] [2017-07-19 22:41:55][org.hibernate.engine.jdbc.spi.SqlExceptionHelper]Data truncation: Column set to default value; NULL supplied to NOT NULL column 'gname' at row 1
[INFO] [2017-07-19 22:41:55][org.hibernate.engine.jdbc.batch.internal.AbstractBatchImpl]HHH000010: On release of batch it still contained JDBC statements
[WARN] [2017-07-19 22:41:55][org.hibernate.engine.jdbc.spi.SqlExceptionHelper]SQL Warning Code: 1263, SQLState: 01000
[WARN] [2017-07-19 22:41:55][org.hibernate.engine.jdbc.spi.SqlExceptionHelper]Column set to default value; NULL supplied to NOT NULL column 'gname' at row 1
[WARN] [2017-07-19 22:41:55][org.hibernate.engine.jdbc.spi.SqlExceptionHelper]SQL Warning Code: 1263, SQLState: 01000
[WARN] [2017-07-19 22:41:55][org.hibernate.engine.jdbc.spi.SqlExceptionHelper]Column set to default value; NULL supplied to NOT NULL column 'gprice' at row 1
[INFO] [2017-07-19 22:41:55][org.springframework.context.support.GenericApplicationContext]Closing org.springframework.context.support.GenericApplicationContext@2c34f934: startup date [Wed Jul 19 22:41:52 CST 2017]; root of context hierarchy
[INFO] [2017-07-19 22:50:05][org.springframework.beans.factory.xml.XmlBeanDefinitionReader]Loading XML bean definitions from URL [file:/D:/Tools/eclipseWorkspace/Sekill/target/classes/spring-hibernate.xml]
[INFO] [2017-07-19 22:50:06][org.springframework.context.support.GenericApplicationContext]Refreshing org.springframework.context.support.GenericApplicationContext@2c34f934: startup date [Wed Jul 19 22:50:06 CST 2017]; root of context hierarchy
[INFO] [2017-07-19 22:50:06][org.springframework.beans.factory.config.PropertyPlaceholderConfigurer]Loading properties file from class path resource [config.properties]
[INFO] [2017-07-19 22:50:06][org.springframework.beans.factory.annotation.AutowiredAnnotationBeanPostProcessor]JSR-330 'javax.inject.Inject' annotation found and supported for autowiring
[INFO] [2017-07-19 22:50:06][org.hibernate.annotations.common.Version]HCANN000001: Hibernate Commons Annotations {5.0.1.Final}
[INFO] [2017-07-19 22:50:06][org.hibernate.Version]HHH000412: Hibernate Core {4.3.8.Final}
[INFO] [2017-07-19 22:50:06][org.hibernate.cfg.Environment]HHH000206: hibernate.properties not found
[INFO] [2017-07-19 22:50:06][org.hibernate.cfg.Environment]HHH000021: Bytecode provider name : javassist
[INFO] [2017-07-19 22:50:07][org.hibernate.dialect.Dialect]HHH000400: Using dialect: org.hibernate.dialect.MySQLDialect
[INFO] [2017-07-19 22:50:07][org.hibernate.engine.transaction.internal.TransactionFactoryInitiator]HHH000399: Using default transaction strategy (direct JDBC transactions)
[INFO] [2017-07-19 22:50:07][org.hibernate.hql.internal.ast.ASTQueryTranslatorFactory]HHH000397: Using ASTQueryTranslatorFactory
[INFO] [2017-07-19 22:50:08][org.hibernate.tool.hbm2ddl.SchemaUpdate]HHH000228: Running hbm2ddl schema update
[INFO] [2017-07-19 22:50:08][org.hibernate.tool.hbm2ddl.SchemaUpdate]HHH000102: Fetching database metadata
[INFO] [2017-07-19 22:50:08][org.hibernate.tool.hbm2ddl.SchemaUpdate]HHH000396: Updating schema
[INFO] [2017-07-19 22:50:08][org.hibernate.tool.hbm2ddl.TableMetadata]HHH000261: Table found: seckill.category
[INFO] [2017-07-19 22:50:08][org.hibernate.tool.hbm2ddl.TableMetadata]HHH000037: Columns: [cname, cid]
[INFO] [2017-07-19 22:50:08][org.hibernate.tool.hbm2ddl.TableMetadata]HHH000108: Foreign keys: []
[INFO] [2017-07-19 22:50:08][org.hibernate.tool.hbm2ddl.TableMetadata]HHH000126: Indexes: [primary]
[INFO] [2017-07-19 22:50:08][org.hibernate.tool.hbm2ddl.TableMetadata]HHH000261: Table found: seckill.categorysecond
[INFO] [2017-07-19 22:50:08][org.hibernate.tool.hbm2ddl.TableMetadata]HHH000037: Columns: [csid, csname, cid]
[INFO] [2017-07-19 22:50:08][org.hibernate.tool.hbm2ddl.TableMetadata]HHH000108: Foreign keys: [fk936fcaf21db1fd15]
[INFO] [2017-07-19 22:50:08][org.hibernate.tool.hbm2ddl.TableMetadata]HHH000126: Indexes: [fk936fcaf21db1fd15, primary]
[INFO] [2017-07-19 22:50:08][org.hibernate.tool.hbm2ddl.TableMetadata]HHH000261: Table found: seckill.gattr
[INFO] [2017-07-19 22:50:08][org.hibernate.tool.hbm2ddl.TableMetadata]HHH000037: Columns: [gid, id, tid]
[INFO] [2017-07-19 22:50:08][org.hibernate.tool.hbm2ddl.TableMetadata]HHH000108: Foreign keys: [gattr_ibfk_1, gattr_ibfk_2]
[INFO] [2017-07-19 22:50:08][org.hibernate.tool.hbm2ddl.TableMetadata]HHH000126: Indexes: [gid, tid, primary]
[INFO] [2017-07-19 22:50:08][org.hibernate.tool.hbm2ddl.TableMetadata]HHH000261: Table found: seckill.gimg
[INFO] [2017-07-19 22:50:08][org.hibernate.tool.hbm2ddl.TableMetadata]HHH000037: Columns: [gid, src, id]
[INFO] [2017-07-19 22:50:08][org.hibernate.tool.hbm2ddl.TableMetadata]HHH000108: Foreign keys: [gimg_ibfk_1]
[INFO] [2017-07-19 22:50:08][org.hibernate.tool.hbm2ddl.TableMetadata]HHH000126: Indexes: [fk_lo9iqrr1s4mwcs3wp4w93t6t4, primary]
[INFO] [2017-07-19 22:50:08][org.hibernate.tool.hbm2ddl.TableMetadata]HHH000261: Table found: seckill.goods
[INFO] [2017-07-19 22:50:08][org.hibernate.tool.hbm2ddl.TableMetadata]HHH000037: Columns: [gprice, gcount, gdesc, gid, gupdatetime, csid, gaddtime, gname, cid]
[INFO] [2017-07-19 22:50:08][org.hibernate.tool.hbm2ddl.TableMetadata]HHH000108: Foreign keys: [goods_ibfk_2, goods_ibfk_1]
[INFO] [2017-07-19 22:50:08][org.hibernate.tool.hbm2ddl.TableMetadata]HHH000126: Indexes: [goods_ibfk_2, goods_ibfk_1, primary]
[INFO] [2017-07-19 22:50:08][org.hibernate.tool.hbm2ddl.TableMetadata]HHH000261: Table found: seckill.seckill
[INFO] [2017-07-19 22:50:08][org.hibernate.tool.hbm2ddl.TableMetadata]HHH000037: Columns: [totalcount, gid, price, remcount, endtime, starttime, sid]
[INFO] [2017-07-19 22:50:08][org.hibernate.tool.hbm2ddl.TableMetadata]HHH000108: Foreign keys: [seckill_ibfk_1]
[INFO] [2017-07-19 22:50:08][org.hibernate.tool.hbm2ddl.TableMetadata]HHH000126: Indexes: [gid, primary]
[INFO] [2017-07-19 22:50:08][org.hibernate.tool.hbm2ddl.TableMetadata]HHH000261: Table found: seckill.template
[INFO] [2017-07-19 22:50:08][org.hibernate.tool.hbm2ddl.TableMetadata]HHH000037: Columns: [tvalue, csid, tname, id]
[INFO] [2017-07-19 22:50:08][org.hibernate.tool.hbm2ddl.TableMetadata]HHH000108: Foreign keys: [template_ibfk_1]
[INFO] [2017-07-19 22:50:08][org.hibernate.tool.hbm2ddl.TableMetadata]HHH000126: Indexes: [csid, primary]
[INFO] [2017-07-19 22:50:08][org.hibernate.tool.hbm2ddl.TableMetadata]HHH000261: Table found: seckill.user
[INFO] [2017-07-19 22:50:08][org.hibernate.tool.hbm2ddl.TableMetadata]HHH000037: Columns: [uid, password, code, phone, name, state, addr, checkcode, email, username]
[INFO] [2017-07-19 22:50:08][org.hibernate.tool.hbm2ddl.TableMetadata]HHH000108: Foreign keys: []
[INFO] [2017-07-19 22:50:08][org.hibernate.tool.hbm2ddl.TableMetadata]HHH000126: Indexes: [primary]
[INFO] [2017-07-19 22:50:08][org.hibernate.tool.hbm2ddl.SchemaUpdate]HHH000232: Schema update complete
[INFO] [2017-07-19 22:50:08][org.springframework.orm.hibernate4.HibernateTransactionManager]Using DataSource [org.apache.commons.dbcp.BasicDataSource@64aad809] of Hibernate SessionFactory for HibernateTransactionManager
[INFO] [2017-07-19 22:50:08][org.springframework.context.support.GenericApplicationContext]Closing org.springframework.context.support.GenericApplicationContext@2c34f934: startup date [Wed Jul 19 22:50:06 CST 2017]; root of context hierarchy
[INFO] [2017-07-19 23:25:20][org.springframework.beans.factory.xml.XmlBeanDefinitionReader]Loading XML bean definitions from URL [file:/D:/Tools/eclipseWorkspace/Sekill/target/classes/spring-hibernate.xml]
[INFO] [2017-07-19 23:25:20][org.springframework.context.support.GenericApplicationContext]Refreshing org.springframework.context.support.GenericApplicationContext@2c34f934: startup date [Wed Jul 19 23:25:20 CST 2017]; root of context hierarchy
[INFO] [2017-07-19 23:25:20][org.springframework.beans.factory.config.PropertyPlaceholderConfigurer]Loading properties file from class path resource [config.properties]
[INFO] [2017-07-19 23:25:20][org.springframework.beans.factory.annotation.AutowiredAnnotationBeanPostProcessor]JSR-330 'javax.inject.Inject' annotation found and supported for autowiring
[INFO] [2017-07-19 23:25:21][org.hibernate.annotations.common.Version]HCANN000001: Hibernate Commons Annotations {5.0.1.Final}
[INFO] [2017-07-19 23:25:21][org.hibernate.Version]HHH000412: Hibernate Core {4.3.8.Final}
[INFO] [2017-07-19 23:25:21][org.hibernate.cfg.Environment]HHH000206: hibernate.properties not found
[INFO] [2017-07-19 23:25:21][org.hibernate.cfg.Environment]HHH000021: Bytecode provider name : javassist
[INFO] [2017-07-19 23:25:21][org.hibernate.dialect.Dialect]HHH000400: Using dialect: org.hibernate.dialect.MySQLDialect
[INFO] [2017-07-19 23:25:21][org.hibernate.engine.transaction.internal.TransactionFactoryInitiator]HHH000399: Using default transaction strategy (direct JDBC transactions)
[INFO] [2017-07-19 23:25:21][org.hibernate.hql.internal.ast.ASTQueryTranslatorFactory]HHH000397: Using ASTQueryTranslatorFactory
[INFO] [2017-07-19 23:25:22][org.hibernate.tool.hbm2ddl.SchemaUpdate]HHH000228: Running hbm2ddl schema update
[INFO] [2017-07-19 23:25:22][org.hibernate.tool.hbm2ddl.SchemaUpdate]HHH000102: Fetching database metadata
[INFO] [2017-07-19 23:25:22][org.hibernate.tool.hbm2ddl.SchemaUpdate]HHH000396: Updating schema
[INFO] [2017-07-19 23:25:22][org.hibernate.tool.hbm2ddl.TableMetadata]HHH000261: Table found: seckill.category
[INFO] [2017-07-19 23:25:22][org.hibernate.tool.hbm2ddl.TableMetadata]HHH000037: Columns: [cname, cid]
[INFO] [2017-07-19 23:25:22][org.hibernate.tool.hbm2ddl.TableMetadata]HHH000108: Foreign keys: []
[INFO] [2017-07-19 23:25:22][org.hibernate.tool.hbm2ddl.TableMetadata]HHH000126: Indexes: [primary]
[INFO] [2017-07-19 23:25:22][org.hibernate.tool.hbm2ddl.TableMetadata]HHH000261: Table found: seckill.categorysecond
[INFO] [2017-07-19 23:25:22][org.hibernate.tool.hbm2ddl.TableMetadata]HHH000037: Columns: [csid, csname, cid]
[INFO] [2017-07-19 23:25:22][org.hibernate.tool.hbm2ddl.TableMetadata]HHH000108: Foreign keys: [fk936fcaf21db1fd15]
[INFO] [2017-07-19 23:25:22][org.hibernate.tool.hbm2ddl.TableMetadata]HHH000126: Indexes: [fk936fcaf21db1fd15, primary]
[INFO] [2017-07-19 23:25:22][org.hibernate.tool.hbm2ddl.TableMetadata]HHH000261: Table found: seckill.gattr
[INFO] [2017-07-19 23:25:22][org.hibernate.tool.hbm2ddl.TableMetadata]HHH000037: Columns: [gid, id, tid]
[INFO] [2017-07-19 23:25:22][org.hibernate.tool.hbm2ddl.TableMetadata]HHH000108: Foreign keys: [gattr_ibfk_1, gattr_ibfk_2]
[INFO] [2017-07-19 23:25:22][org.hibernate.tool.hbm2ddl.TableMetadata]HHH000126: Indexes: [gid, tid, primary]
[INFO] [2017-07-19 23:25:22][org.hibernate.tool.hbm2ddl.TableMetadata]HHH000261: Table found: seckill.gimg
[INFO] [2017-07-19 23:25:22][org.hibernate.tool.hbm2ddl.TableMetadata]HHH000037: Columns: [gid, src, id]
[INFO] [2017-07-19 23:25:22][org.hibernate.tool.hbm2ddl.TableMetadata]HHH000108: Foreign keys: [gimg_ibfk_1]
[INFO] [2017-07-19 23:25:22][org.hibernate.tool.hbm2ddl.TableMetadata]HHH000126: Indexes: [fk_lo9iqrr1s4mwcs3wp4w93t6t4, primary]
[INFO] [2017-07-19 23:25:22][org.hibernate.tool.hbm2ddl.TableMetadata]HHH000261: Table found: seckill.goods
[INFO] [2017-07-19 23:25:22][org.hibernate.tool.hbm2ddl.TableMetadata]HHH000037: Columns: [gprice, gcount, gdesc, gid, gupdatetime, csid, gaddtime, gname, cid]
[INFO] [2017-07-19 23:25:22][org.hibernate.tool.hbm2ddl.TableMetadata]HHH000108: Foreign keys: [goods_ibfk_2, goods_ibfk_1]
[INFO] [2017-07-19 23:25:22][org.hibernate.tool.hbm2ddl.TableMetadata]HHH000126: Indexes: [goods_ibfk_2, goods_ibfk_1, primary]
[INFO] [2017-07-19 23:25:22][org.hibernate.tool.hbm2ddl.TableMetadata]HHH000261: Table found: seckill.seckill
[INFO] [2017-07-19 23:25:22][org.hibernate.tool.hbm2ddl.TableMetadata]HHH000037: Columns: [totalcount, gid, price, addtime, remcount, name, endtime, starttime, updatetime, sid]
[INFO] [2017-07-19 23:25:22][org.hibernate.tool.hbm2ddl.TableMetadata]HHH000108: Foreign keys: [seckill_ibfk_1]
[INFO] [2017-07-19 23:25:22][org.hibernate.tool.hbm2ddl.TableMetadata]HHH000126: Indexes: [gid, primary]
[INFO] [2017-07-19 23:25:22][org.hibernate.tool.hbm2ddl.TableMetadata]HHH000261: Table found: seckill.template
[INFO] [2017-07-19 23:25:22][org.hibernate.tool.hbm2ddl.TableMetadata]HHH000037: Columns: [tvalue, csid, tname, id]
[INFO] [2017-07-19 23:25:22][org.hibernate.tool.hbm2ddl.TableMetadata]HHH000108: Foreign keys: [template_ibfk_1]
[INFO] [2017-07-19 23:25:22][org.hibernate.tool.hbm2ddl.TableMetadata]HHH000126: Indexes: [csid, primary]
[INFO] [2017-07-19 23:25:22][org.hibernate.tool.hbm2ddl.TableMetadata]HHH000261: Table found: seckill.user
[INFO] [2017-07-19 23:25:22][org.hibernate.tool.hbm2ddl.TableMetadata]HHH000037: Columns: [uid, password, code, phone, name, state, addr, checkcode, email, username]
[INFO] [2017-07-19 23:25:22][org.hibernate.tool.hbm2ddl.TableMetadata]HHH000108: Foreign keys: []
[INFO] [2017-07-19 23:25:22][org.hibernate.tool.hbm2ddl.TableMetadata]HHH000126: Indexes: [primary]
[INFO] [2017-07-19 23:25:22][org.hibernate.tool.hbm2ddl.SchemaUpdate]HHH000232: Schema update complete
[INFO] [2017-07-19 23:25:22][org.springframework.orm.hibernate4.HibernateTransactionManager]Using DataSource [org.apache.commons.dbcp.BasicDataSource@3bbf6abe] of Hibernate SessionFactory for HibernateTransactionManager
[INFO] [2017-07-19 23:25:23][org.springframework.context.support.GenericApplicationContext]Closing org.springframework.context.support.GenericApplicationContext@2c34f934: startup date [Wed Jul 19 23:25:20 CST 2017]; root of context hierarchy
[INFO] [2017-07-19 23:26:04][org.springframework.beans.factory.xml.XmlBeanDefinitionReader]Loading XML bean definitions from URL [file:/D:/Tools/eclipseWorkspace/Sekill/target/classes/spring-hibernate.xml]
[INFO] [2017-07-19 23:26:04][org.springframework.context.support.GenericApplicationContext]Refreshing org.springframework.context.support.GenericApplicationContext@2c34f934: startup date [Wed Jul 19 23:26:04 CST 2017]; root of context hierarchy
[INFO] [2017-07-19 23:26:04][org.springframework.beans.factory.config.PropertyPlaceholderConfigurer]Loading properties file from class path resource [config.properties]
[INFO] [2017-07-19 23:26:04][org.springframework.beans.factory.annotation.AutowiredAnnotationBeanPostProcessor]JSR-330 'javax.inject.Inject' annotation found and supported for autowiring
[INFO] [2017-07-19 23:26:05][org.hibernate.annotations.common.Version]HCANN000001: Hibernate Commons Annotations {5.0.1.Final}
[INFO] [2017-07-19 23:26:05][org.hibernate.Version]HHH000412: Hibernate Core {4.3.8.Final}
[INFO] [2017-07-19 23:26:05][org.hibernate.cfg.Environment]HHH000206: hibernate.properties not found
[INFO] [2017-07-19 23:26:05][org.hibernate.cfg.Environment]HHH000021: Bytecode provider name : javassist
[INFO] [2017-07-19 23:26:05][org.hibernate.dialect.Dialect]HHH000400: Using dialect: org.hibernate.dialect.MySQLDialect
[INFO] [2017-07-19 23:26:05][org.hibernate.engine.transaction.internal.TransactionFactoryInitiator]HHH000399: Using default transaction strategy (direct JDBC transactions)
[INFO] [2017-07-19 23:26:05][org.hibernate.hql.internal.ast.ASTQueryTranslatorFactory]HHH000397: Using ASTQueryTranslatorFactory
[INFO] [2017-07-19 23:26:06][org.hibernate.tool.hbm2ddl.SchemaUpdate]HHH000228: Running hbm2ddl schema update
[INFO] [2017-07-19 23:26:06][org.hibernate.tool.hbm2ddl.SchemaUpdate]HHH000102: Fetching database metadata
[INFO] [2017-07-19 23:26:06][org.hibernate.tool.hbm2ddl.SchemaUpdate]HHH000396: Updating schema
[INFO] [2017-07-19 23:26:06][org.hibernate.tool.hbm2ddl.TableMetadata]HHH000261: Table found: seckill.category
[INFO] [2017-07-19 23:26:06][org.hibernate.tool.hbm2ddl.TableMetadata]HHH000037: Columns: [cname, cid]
[INFO] [2017-07-19 23:26:06][org.hibernate.tool.hbm2ddl.TableMetadata]HHH000108: Foreign keys: []
[INFO] [2017-07-19 23:26:06][org.hibernate.tool.hbm2ddl.TableMetadata]HHH000126: Indexes: [primary]
[INFO] [2017-07-19 23:26:06][org.hibernate.tool.hbm2ddl.TableMetadata]HHH000261: Table found: seckill.categorysecond
[INFO] [2017-07-19 23:26:06][org.hibernate.tool.hbm2ddl.TableMetadata]HHH000037: Columns: [csid, csname, cid]
[INFO] [2017-07-19 23:26:06][org.hibernate.tool.hbm2ddl.TableMetadata]HHH000108: Foreign keys: [fk936fcaf21db1fd15]
[INFO] [2017-07-19 23:26:06][org.hibernate.tool.hbm2ddl.TableMetadata]HHH000126: Indexes: [fk936fcaf21db1fd15, primary]
[INFO] [2017-07-19 23:26:06][org.hibernate.tool.hbm2ddl.TableMetadata]HHH000261: Table found: seckill.gattr
[INFO] [2017-07-19 23:26:06][org.hibernate.tool.hbm2ddl.TableMetadata]HHH000037: Columns: [gid, id, tid]
[INFO] [2017-07-19 23:26:06][org.hibernate.tool.hbm2ddl.TableMetadata]HHH000108: Foreign keys: [gattr_ibfk_1, gattr_ibfk_2]
[INFO] [2017-07-19 23:26:06][org.hibernate.tool.hbm2ddl.TableMetadata]HHH000126: Indexes: [gid, tid, primary]
[INFO] [2017-07-19 23:26:06][org.hibernate.tool.hbm2ddl.TableMetadata]HHH000261: Table found: seckill.gimg
[INFO] [2017-07-19 23:26:06][org.hibernate.tool.hbm2ddl.TableMetadata]HHH000037: Columns: [gid, src, id]
[INFO] [2017-07-19 23:26:06][org.hibernate.tool.hbm2ddl.TableMetadata]HHH000108: Foreign keys: [gimg_ibfk_1]
[INFO] [2017-07-19 23:26:06][org.hibernate.tool.hbm2ddl.TableMetadata]HHH000126: Indexes: [fk_lo9iqrr1s4mwcs3wp4w93t6t4, primary]
[INFO] [2017-07-19 23:26:06][org.hibernate.tool.hbm2ddl.TableMetadata]HHH000261: Table found: seckill.goods
[INFO] [2017-07-19 23:26:06][org.hibernate.tool.hbm2ddl.TableMetadata]HHH000037: Columns: [gprice, gcount, gdesc, gid, gupdatetime, csid, gaddtime, gname, cid]
[INFO] [2017-07-19 23:26:06][org.hibernate.tool.hbm2ddl.TableMetadata]HHH000108: Foreign keys: [goods_ibfk_2, goods_ibfk_1]
[INFO] [2017-07-19 23:26:06][org.hibernate.tool.hbm2ddl.TableMetadata]HHH000126: Indexes: [goods_ibfk_2, goods_ibfk_1, primary]
[INFO] [2017-07-19 23:26:06][org.hibernate.tool.hbm2ddl.TableMetadata]HHH000261: Table found: seckill.seckill
[INFO] [2017-07-19 23:26:06][org.hibernate.tool.hbm2ddl.TableMetadata]HHH000037: Columns: [totalcount, gid, price, addtime, remcount, name, endtime, starttime, updatetime, sid]
[INFO] [2017-07-19 23:26:06][org.hibernate.tool.hbm2ddl.TableMetadata]HHH000108: Foreign keys: [seckill_ibfk_1]
[INFO] [2017-07-19 23:26:06][org.hibernate.tool.hbm2ddl.TableMetadata]HHH000126: Indexes: [gid, primary]
[INFO] [2017-07-19 23:26:06][org.hibernate.tool.hbm2ddl.TableMetadata]HHH000261: Table found: seckill.template
[INFO] [2017-07-19 23:26:06][org.hibernate.tool.hbm2ddl.TableMetadata]HHH000037: Columns: [tvalue, csid, tname, id]
[INFO] [2017-07-19 23:26:06][org.hibernate.tool.hbm2ddl.TableMetadata]HHH000108: Foreign keys: [template_ibfk_1]
[INFO] [2017-07-19 23:26:06][org.hibernate.tool.hbm2ddl.TableMetadata]HHH000126: Indexes: [csid, primary]
[INFO] [2017-07-19 23:26:06][org.hibernate.tool.hbm2ddl.TableMetadata]HHH000261: Table found: seckill.user
[INFO] [2017-07-19 23:26:06][org.hibernate.tool.hbm2ddl.TableMetadata]HHH000037: Columns: [uid, password, code, phone, name, state, addr, checkcode, email, username]
[INFO] [2017-07-19 23:26:06][org.hibernate.tool.hbm2ddl.TableMetadata]HHH000108: Foreign keys: []
[INFO] [2017-07-19 23:26:06][org.hibernate.tool.hbm2ddl.TableMetadata]HHH000126: Indexes: [primary]
[INFO] [2017-07-19 23:26:06][org.hibernate.tool.hbm2ddl.SchemaUpdate]HHH000232: Schema update complete
[INFO] [2017-07-19 23:26:06][org.springframework.orm.hibernate4.HibernateTransactionManager]Using DataSource [org.apache.commons.dbcp.BasicDataSource@3bbf6abe] of Hibernate SessionFactory for HibernateTransactionManager
[INFO] [2017-07-19 23:26:06][org.springframework.context.support.GenericApplicationContext]Closing org.springframework.context.support.GenericApplicationContext@2c34f934: startup date [Wed Jul 19 23:26:04 CST 2017]; root of context hierarchy
[INFO] [2017-07-19 23:26:54][org.springframework.beans.factory.xml.XmlBeanDefinitionReader]Loading XML bean definitions from URL [file:/D:/Tools/eclipseWorkspace/Sekill/target/classes/spring-hibernate.xml]
[INFO] [2017-07-19 23:26:54][org.springframework.context.support.GenericApplicationContext]Refreshing org.springframework.context.support.GenericApplicationContext@2c34f934: startup date [Wed Jul 19 23:26:54 CST 2017]; root of context hierarchy
[INFO] [2017-07-19 23:26:54][org.springframework.beans.factory.config.PropertyPlaceholderConfigurer]Loading properties file from class path resource [config.properties]
[INFO] [2017-07-19 23:26:54][org.springframework.beans.factory.annotation.AutowiredAnnotationBeanPostProcessor]JSR-330 'javax.inject.Inject' annotation found and supported for autowiring
[INFO] [2017-07-19 23:26:55][org.hibernate.annotations.common.Version]HCANN000001: Hibernate Commons Annotations {5.0.1.Final}
[INFO] [2017-07-19 23:26:55][org.hibernate.Version]HHH000412: Hibernate Core {4.3.8.Final}
[INFO] [2017-07-19 23:26:55][org.hibernate.cfg.Environment]HHH000206: hibernate.properties not found
[INFO] [2017-07-19 23:26:55][org.hibernate.cfg.Environment]HHH000021: Bytecode provider name : javassist
[INFO] [2017-07-19 23:26:55][org.hibernate.dialect.Dialect]HHH000400: Using dialect: org.hibernate.dialect.MySQLDialect
[INFO] [2017-07-19 23:26:56][org.hibernate.engine.transaction.internal.TransactionFactoryInitiator]HHH000399: Using default transaction strategy (direct JDBC transactions)
[INFO] [2017-07-19 23:26:56][org.hibernate.hql.internal.ast.ASTQueryTranslatorFactory]HHH000397: Using ASTQueryTranslatorFactory
[INFO] [2017-07-19 23:26:56][org.hibernate.tool.hbm2ddl.SchemaUpdate]HHH000228: Running hbm2ddl schema update
[INFO] [2017-07-19 23:26:56][org.hibernate.tool.hbm2ddl.SchemaUpdate]HHH000102: Fetching database metadata
[INFO] [2017-07-19 23:26:56][org.hibernate.tool.hbm2ddl.SchemaUpdate]HHH000396: Updating schema
[INFO] [2017-07-19 23:26:56][org.hibernate.tool.hbm2ddl.TableMetadata]HHH000261: Table found: seckill.category
[INFO] [2017-07-19 23:26:56][org.hibernate.tool.hbm2ddl.TableMetadata]HHH000037: Columns: [cname, cid]
[INFO] [2017-07-19 23:26:56][org.hibernate.tool.hbm2ddl.TableMetadata]HHH000108: Foreign keys: []
[INFO] [2017-07-19 23:26:56][org.hibernate.tool.hbm2ddl.TableMetadata]HHH000126: Indexes: [primary]
[INFO] [2017-07-19 23:26:57][org.hibernate.tool.hbm2ddl.TableMetadata]HHH000261: Table found: seckill.categorysecond
[INFO] [2017-07-19 23:26:57][org.hibernate.tool.hbm2ddl.TableMetadata]HHH000037: Columns: [csid, csname, cid]
[INFO] [2017-07-19 23:26:57][org.hibernate.tool.hbm2ddl.TableMetadata]HHH000108: Foreign keys: [fk936fcaf21db1fd15]
[INFO] [2017-07-19 23:26:57][org.hibernate.tool.hbm2ddl.TableMetadata]HHH000126: Indexes: [fk936fcaf21db1fd15, primary]
[INFO] [2017-07-19 23:26:57][org.hibernate.tool.hbm2ddl.TableMetadata]HHH000261: Table found: seckill.gattr
[INFO] [2017-07-19 23:26:57][org.hibernate.tool.hbm2ddl.TableMetadata]HHH000037: Columns: [gid, id, tid]
[INFO] [2017-07-19 23:26:57][org.hibernate.tool.hbm2ddl.TableMetadata]HHH000108: Foreign keys: [gattr_ibfk_1, gattr_ibfk_2]
[INFO] [2017-07-19 23:26:57][org.hibernate.tool.hbm2ddl.TableMetadata]HHH000126: Indexes: [gid, tid, primary]
[INFO] [2017-07-19 23:26:57][org.hibernate.tool.hbm2ddl.TableMetadata]HHH000261: Table found: seckill.gimg
[INFO] [2017-07-19 23:26:57][org.hibernate.tool.hbm2ddl.TableMetadata]HHH000037: Columns: [gid, src, id]
[INFO] [2017-07-19 23:26:57][org.hibernate.tool.hbm2ddl.TableMetadata]HHH000108: Foreign keys: [gimg_ibfk_1]
[INFO] [2017-07-19 23:26:57][org.hibernate.tool.hbm2ddl.TableMetadata]HHH000126: Indexes: [fk_lo9iqrr1s4mwcs3wp4w93t6t4, primary]
[INFO] [2017-07-19 23:26:57][org.hibernate.tool.hbm2ddl.TableMetadata]HHH000261: Table found: seckill.goods
[INFO] [2017-07-19 23:26:57][org.hibernate.tool.hbm2ddl.TableMetadata]HHH000037: Columns: [gprice, gcount, gdesc, gid, gupdatetime, csid, gaddtime, gname, cid]
[INFO] [2017-07-19 23:26:57][org.hibernate.tool.hbm2ddl.TableMetadata]HHH000108: Foreign keys: [goods_ibfk_2, goods_ibfk_1]
[INFO] [2017-07-19 23:26:57][org.hibernate.tool.hbm2ddl.TableMetadata]HHH000126: Indexes: [goods_ibfk_2, goods_ibfk_1, primary]
[INFO] [2017-07-19 23:26:57][org.hibernate.tool.hbm2ddl.TableMetadata]HHH000261: Table found: seckill.seckill
[INFO] [2017-07-19 23:26:57][org.hibernate.tool.hbm2ddl.TableMetadata]HHH000037: Columns: [totalcount, gid, price, addtime, remcount, name, endtime, starttime, updatetime, sid]
[INFO] [2017-07-19 23:26:57][org.hibernate.tool.hbm2ddl.TableMetadata]HHH000108: Foreign keys: [seckill_ibfk_1]
[INFO] [2017-07-19 23:26:57][org.hibernate.tool.hbm2ddl.TableMetadata]HHH000126: Indexes: [gid, primary]
[INFO] [2017-07-19 23:26:57][org.hibernate.tool.hbm2ddl.TableMetadata]HHH000261: Table found: seckill.template
[INFO] [2017-07-19 23:26:57][org.hibernate.tool.hbm2ddl.TableMetadata]HHH000037: Columns: [tvalue, csid, tname, id]
[INFO] [2017-07-19 23:26:57][org.hibernate.tool.hbm2ddl.TableMetadata]HHH000108: Foreign keys: [template_ibfk_1]
[INFO] [2017-07-19 23:26:57][org.hibernate.tool.hbm2ddl.TableMetadata]HHH000126: Indexes: [csid, primary]
[INFO] [2017-07-19 23:26:57][org.hibernate.tool.hbm2ddl.TableMetadata]HHH000261: Table found: seckill.user
[INFO] [2017-07-19 23:26:57][org.hibernate.tool.hbm2ddl.TableMetadata]HHH000037: Columns: [uid, password, code, phone, name, state, addr, checkcode, email, username]
[INFO] [2017-07-19 23:26:57][org.hibernate.tool.hbm2ddl.TableMetadata]HHH000108: Foreign keys: []
[INFO] [2017-07-19 23:26:57][org.hibernate.tool.hbm2ddl.TableMetadata]HHH000126: Indexes: [primary]
[INFO] [2017-07-19 23:26:57][org.hibernate.tool.hbm2ddl.SchemaUpdate]HHH000232: Schema update complete
[INFO] [2017-07-19 23:26:57][org.springframework.orm.hibernate4.HibernateTransactionManager]Using DataSource [org.apache.commons.dbcp.BasicDataSource@3bbf6abe] of Hibernate SessionFactory for HibernateTransactionManager
[WARN] [2017-07-19 23:26:57][org.hibernate.engine.jdbc.spi.SqlExceptionHelper]SQL Error: 1048, SQLState: 23000
[ERROR] [2017-07-19 23:26:57][org.hibernate.engine.jdbc.spi.SqlExceptionHelper]Column 'name' cannot be null
[WARN] [2017-07-19 23:26:57][org.hibernate.engine.jdbc.spi.SqlExceptionHelper]SQL Warning Code: 1048, SQLState: HY000
[WARN] [2017-07-19 23:26:57][org.hibernate.engine.jdbc.spi.SqlExceptionHelper]Column 'name' cannot be null
[WARN] [2017-07-19 23:26:57][org.hibernate.engine.jdbc.spi.SqlExceptionHelper]SQL Warning Code: 1105, SQLState: HY000
[WARN] [2017-07-19 23:26:57][org.hibernate.engine.jdbc.spi.SqlExceptionHelper]Unknown error
[INFO] [2017-07-19 23:26:57][org.springframework.context.support.GenericApplicationContext]Closing org.springframework.context.support.GenericApplicationContext@2c34f934: startup date [Wed Jul 19 23:26:54 CST 2017]; root of context hierarchy
[INFO] [2017-07-19 23:28:12][org.springframework.beans.factory.xml.XmlBeanDefinitionReader]Loading XML bean definitions from URL [file:/D:/Tools/eclipseWorkspace/Sekill/target/classes/spring-hibernate.xml]
[INFO] [2017-07-19 23:28:12][org.springframework.context.support.GenericApplicationContext]Refreshing org.springframework.context.support.GenericApplicationContext@2c34f934: startup date [Wed Jul 19 23:28:12 CST 2017]; root of context hierarchy
[INFO] [2017-07-19 23:28:12][org.springframework.beans.factory.config.PropertyPlaceholderConfigurer]Loading properties file from class path resource [config.properties]
[INFO] [2017-07-19 23:28:12][org.springframework.beans.factory.annotation.AutowiredAnnotationBeanPostProcessor]JSR-330 'javax.inject.Inject' annotation found and supported for autowiring
[INFO] [2017-07-19 23:28:13][org.hibernate.annotations.common.Version]HCANN000001: Hibernate Commons Annotations {5.0.1.Final}
[INFO] [2017-07-19 23:28:13][org.hibernate.Version]HHH000412: Hibernate Core {4.3.8.Final}
[INFO] [2017-07-19 23:28:13][org.hibernate.cfg.Environment]HHH000206: hibernate.properties not found
[INFO] [2017-07-19 23:28:13][org.hibernate.cfg.Environment]HHH000021: Bytecode provider name : javassist
[INFO] [2017-07-19 23:28:13][org.hibernate.dialect.Dialect]HHH000400: Using dialect: org.hibernate.dialect.MySQLDialect
[INFO] [2017-07-19 23:28:13][org.hibernate.engine.transaction.internal.TransactionFactoryInitiator]HHH000399: Using default transaction strategy (direct JDBC transactions)
[INFO] [2017-07-19 23:28:13][org.hibernate.hql.internal.ast.ASTQueryTranslatorFactory]HHH000397: Using ASTQueryTranslatorFactory
[INFO] [2017-07-19 23:28:14][org.hibernate.tool.hbm2ddl.SchemaUpdate]HHH000228: Running hbm2ddl schema update
[INFO] [2017-07-19 23:28:14][org.hibernate.tool.hbm2ddl.SchemaUpdate]HHH000102: Fetching database metadata
[INFO] [2017-07-19 23:28:14][org.hibernate.tool.hbm2ddl.SchemaUpdate]HHH000396: Updating schema
[INFO] [2017-07-19 23:28:14][org.hibernate.tool.hbm2ddl.TableMetadata]HHH000261: Table found: seckill.category
[INFO] [2017-07-19 23:28:14][org.hibernate.tool.hbm2ddl.TableMetadata]HHH000037: Columns: [cname, cid]
[INFO] [2017-07-19 23:28:14][org.hibernate.tool.hbm2ddl.TableMetadata]HHH000108: Foreign keys: []
[INFO] [2017-07-19 23:28:14][org.hibernate.tool.hbm2ddl.TableMetadata]HHH000126: Indexes: [primary]
[INFO] [2017-07-19 23:28:14][org.hibernate.tool.hbm2ddl.TableMetadata]HHH000261: Table found: seckill.categorysecond
[INFO] [2017-07-19 23:28:14][org.hibernate.tool.hbm2ddl.TableMetadata]HHH000037: Columns: [csid, csname, cid]
[INFO] [2017-07-19 23:28:14][org.hibernate.tool.hbm2ddl.TableMetadata]HHH000108: Foreign keys: [fk936fcaf21db1fd15]
[INFO] [2017-07-19 23:28:14][org.hibernate.tool.hbm2ddl.TableMetadata]HHH000126: Indexes: [fk936fcaf21db1fd15, primary]
[INFO] [2017-07-19 23:28:14][org.hibernate.tool.hbm2ddl.TableMetadata]HHH000261: Table found: seckill.gattr
[INFO] [2017-07-19 23:28:14][org.hibernate.tool.hbm2ddl.TableMetadata]HHH000037: Columns: [gid, id, tid]
[INFO] [2017-07-19 23:28:14][org.hibernate.tool.hbm2ddl.TableMetadata]HHH000108: Foreign keys: [gattr_ibfk_1, gattr_ibfk_2]
[INFO] [2017-07-19 23:28:14][org.hibernate.tool.hbm2ddl.TableMetadata]HHH000126: Indexes: [gid, tid, primary]
[INFO] [2017-07-19 23:28:14][org.hibernate.tool.hbm2ddl.TableMetadata]HHH000261: Table found: seckill.gimg
[INFO] [2017-07-19 23:28:14][org.hibernate.tool.hbm2ddl.TableMetadata]HHH000037: Columns: [gid, src, id]
[INFO] [2017-07-19 23:28:14][org.hibernate.tool.hbm2ddl.TableMetadata]HHH000108: Foreign keys: [gimg_ibfk_1]
[INFO] [2017-07-19 23:28:14][org.hibernate.tool.hbm2ddl.TableMetadata]HHH000126: Indexes: [fk_lo9iqrr1s4mwcs3wp4w93t6t4, primary]
[INFO] [2017-07-19 23:28:14][org.hibernate.tool.hbm2ddl.TableMetadata]HHH000261: Table found: seckill.goods
[INFO] [2017-07-19 23:28:14][org.hibernate.tool.hbm2ddl.TableMetadata]HHH000037: Columns: [gprice, gcount, gdesc, gid, gupdatetime, csid, gaddtime, gname, cid]
[INFO] [2017-07-19 23:28:14][org.hibernate.tool.hbm2ddl.TableMetadata]HHH000108: Foreign keys: [goods_ibfk_2, goods_ibfk_1]
[INFO] [2017-07-19 23:28:14][org.hibernate.tool.hbm2ddl.TableMetadata]HHH000126: Indexes: [goods_ibfk_2, goods_ibfk_1, primary]
[INFO] [2017-07-19 23:28:14][org.hibernate.tool.hbm2ddl.TableMetadata]HHH000261: Table found: seckill.seckill
[INFO] [2017-07-19 23:28:14][org.hibernate.tool.hbm2ddl.TableMetadata]HHH000037: Columns: [totalcount, gid, price, addtime, remcount, name, endtime, starttime, updatetime, sid]
[INFO] [2017-07-19 23:28:14][org.hibernate.tool.hbm2ddl.TableMetadata]HHH000108: Foreign keys: [seckill_ibfk_1]
[INFO] [2017-07-19 23:28:14][org.hibernate.tool.hbm2ddl.TableMetadata]HHH000126: Indexes: [gid, primary]
[INFO] [2017-07-19 23:28:14][org.hibernate.tool.hbm2ddl.TableMetadata]HHH000261: Table found: seckill.template
[INFO] [2017-07-19 23:28:14][org.hibernate.tool.hbm2ddl.TableMetadata]HHH000037: Columns: [tvalue, csid, tname, id]
[INFO] [2017-07-19 23:28:14][org.hibernate.tool.hbm2ddl.TableMetadata]HHH000108: Foreign keys: [template_ibfk_1]
[INFO] [2017-07-19 23:28:14][org.hibernate.tool.hbm2ddl.TableMetadata]HHH000126: Indexes: [csid, primary]
[INFO] [2017-07-19 23:28:14][org.hibernate.tool.hbm2ddl.TableMetadata]HHH000261: Table found: seckill.user
[INFO] [2017-07-19 23:28:14][org.hibernate.tool.hbm2ddl.TableMetadata]HHH000037: Columns: [uid, password, code, phone, name, state, addr, checkcode, email, username]
[INFO] [2017-07-19 23:28:14][org.hibernate.tool.hbm2ddl.TableMetadata]HHH000108: Foreign keys: []
[INFO] [2017-07-19 23:28:14][org.hibernate.tool.hbm2ddl.TableMetadata]HHH000126: Indexes: [primary]
[INFO] [2017-07-19 23:28:14][org.hibernate.tool.hbm2ddl.SchemaUpdate]HHH000232: Schema update complete
[INFO] [2017-07-19 23:28:14][org.springframework.orm.hibernate4.HibernateTransactionManager]Using DataSource [org.apache.commons.dbcp.BasicDataSource@1886991b] of Hibernate SessionFactory for HibernateTransactionManager
[INFO] [2017-07-19 23:28:15][org.springframework.context.support.GenericApplicationContext]Closing org.springframework.context.support.GenericApplicationContext@2c34f934: startup date [Wed Jul 19 23:28:12 CST 2017]; root of context hierarchy
[INFO] [2017-07-19 23:29:15][org.springframework.beans.factory.xml.XmlBeanDefinitionReader]Loading XML bean definitions from URL [file:/D:/Tools/eclipseWorkspace/Sekill/target/classes/spring-hibernate.xml]
[INFO] [2017-07-19 23:29:16][org.springframework.context.support.GenericApplicationContext]Refreshing org.springframework.context.support.GenericApplicationContext@2c34f934: startup date [Wed Jul 19 23:29:16 CST 2017]; root of context hierarchy
[INFO] [2017-07-19 23:29:16][org.springframework.beans.factory.config.PropertyPlaceholderConfigurer]Loading properties file from class path resource [config.properties]
[INFO] [2017-07-19 23:29:16][org.springframework.beans.factory.annotation.AutowiredAnnotationBeanPostProcessor]JSR-330 'javax.inject.Inject' annotation found and supported for autowiring
[INFO] [2017-07-19 23:29:17][org.hibernate.annotations.common.Version]HCANN000001: Hibernate Commons Annotations {5.0.1.Final}
[INFO] [2017-07-19 23:29:17][org.hibernate.Version]HHH000412: Hibernate Core {4.3.8.Final}
[INFO] [2017-07-19 23:29:17][org.hibernate.cfg.Environment]HHH000206: hibernate.properties not found
[INFO] [2017-07-19 23:29:17][org.hibernate.cfg.Environment]HHH000021: Bytecode provider name : javassist
[INFO] [2017-07-19 23:29:17][org.hibernate.dialect.Dialect]HHH000400: Using dialect: org.hibernate.dialect.MySQLDialect
[INFO] [2017-07-19 23:29:17][org.hibernate.engine.transaction.internal.TransactionFactoryInitiator]HHH000399: Using default transaction strategy (direct JDBC transactions)
[INFO] [2017-07-19 23:29:17][org.hibernate.hql.internal.ast.ASTQueryTranslatorFactory]HHH000397: Using ASTQueryTranslatorFactory
[INFO] [2017-07-19 23:29:20][org.hibernate.tool.hbm2ddl.SchemaUpdate]HHH000228: Running hbm2ddl schema update
[INFO] [2017-07-19 23:29:20][org.hibernate.tool.hbm2ddl.SchemaUpdate]HHH000102: Fetching database metadata
[INFO] [2017-07-19 23:29:20][org.hibernate.tool.hbm2ddl.SchemaUpdate]HHH000396: Updating schema
[INFO] [2017-07-19 23:29:20][org.hibernate.tool.hbm2ddl.TableMetadata]HHH000261: Table found: seckill.category
[INFO] [2017-07-19 23:29:20][org.hibernate.tool.hbm2ddl.TableMetadata]HHH000037: Columns: [cname, cid]
[INFO] [2017-07-19 23:29:20][org.hibernate.tool.hbm2ddl.TableMetadata]HHH000108: Foreign keys: []
[INFO] [2017-07-19 23:29:20][org.hibernate.tool.hbm2ddl.TableMetadata]HHH000126: Indexes: [primary]
[INFO] [2017-07-19 23:29:20][org.hibernate.tool.hbm2ddl.TableMetadata]HHH000261: Table found: seckill.categorysecond
[INFO] [2017-07-19 23:29:20][org.hibernate.tool.hbm2ddl.TableMetadata]HHH000037: Columns: [csid, csname, cid]
[INFO] [2017-07-19 23:29:20][org.hibernate.tool.hbm2ddl.TableMetadata]HHH000108: Foreign keys: [fk936fcaf21db1fd15]
[INFO] [2017-07-19 23:29:20][org.hibernate.tool.hbm2ddl.TableMetadata]HHH000126: Indexes: [fk936fcaf21db1fd15, primary]
[INFO] [2017-07-19 23:29:20][org.hibernate.tool.hbm2ddl.TableMetadata]HHH000261: Table found: seckill.gattr
[INFO] [2017-07-19 23:29:20][org.hibernate.tool.hbm2ddl.TableMetadata]HHH000037: Columns: [gid, id, tid]
[INFO] [2017-07-19 23:29:20][org.hibernate.tool.hbm2ddl.TableMetadata]HHH000108: Foreign keys: [gattr_ibfk_1, gattr_ibfk_2]
[INFO] [2017-07-19 23:29:20][org.hibernate.tool.hbm2ddl.TableMetadata]HHH000126: Indexes: [gid, tid, primary]
[INFO] [2017-07-19 23:29:20][org.hibernate.tool.hbm2ddl.TableMetadata]HHH000261: Table found: seckill.gimg
[INFO] [2017-07-19 23:29:20][org.hibernate.tool.hbm2ddl.TableMetadata]HHH000037: Columns: [gid, src, id]
[INFO] [2017-07-19 23:29:20][org.hibernate.tool.hbm2ddl.TableMetadata]HHH000108: Foreign keys: [gimg_ibfk_1]
[INFO] [2017-07-19 23:29:20][org.hibernate.tool.hbm2ddl.TableMetadata]HHH000126: Indexes: [fk_lo9iqrr1s4mwcs3wp4w93t6t4, primary]
[INFO] [2017-07-19 23:29:20][org.hibernate.tool.hbm2ddl.TableMetadata]HHH000261: Table found: seckill.goods
[INFO] [2017-07-19 23:29:20][org.hibernate.tool.hbm2ddl.TableMetadata]HHH000037: Columns: [gprice, gcount, gdesc, gid, gupdatetime, csid, gaddtime, gname, cid]
[INFO] [2017-07-19 23:29:20][org.hibernate.tool.hbm2ddl.TableMetadata]HHH000108: Foreign keys: [goods_ibfk_2, goods_ibfk_1]
[INFO] [2017-07-19 23:29:20][org.hibernate.tool.hbm2ddl.TableMetadata]HHH000126: Indexes: [goods_ibfk_2, goods_ibfk_1, primary]
[INFO] [2017-07-19 23:29:20][org.hibernate.tool.hbm2ddl.TableMetadata]HHH000261: Table found: seckill.seckill
[INFO] [2017-07-19 23:29:20][org.hibernate.tool.hbm2ddl.TableMetadata]HHH000037: Columns: [totalcount, gid, price, addtime, remcount, name, endtime, starttime, updatetime, sid]
[INFO] [2017-07-19 23:29:20][org.hibernate.tool.hbm2ddl.TableMetadata]HHH000108: Foreign keys: [seckill_ibfk_1]
[INFO] [2017-07-19 23:29:20][org.hibernate.tool.hbm2ddl.TableMetadata]HHH000126: Indexes: [gid, primary]
[INFO] [2017-07-19 23:29:20][org.hibernate.tool.hbm2ddl.TableMetadata]HHH000261: Table found: seckill.template
[INFO] [2017-07-19 23:29:20][org.hibernate.tool.hbm2ddl.TableMetadata]HHH000037: Columns: [tvalue, csid, tname, id]
[INFO] [2017-07-19 23:29:20][org.hibernate.tool.hbm2ddl.TableMetadata]HHH000108: Foreign keys: [template_ibfk_1]
[INFO] [2017-07-19 23:29:20][org.hibernate.tool.hbm2ddl.TableMetadata]HHH000126: Indexes: [csid, primary]
[INFO] [2017-07-19 23:29:20][org.hibernate.tool.hbm2ddl.TableMetadata]HHH000261: Table found: seckill.user
[INFO] [2017-07-19 23:29:20][org.hibernate.tool.hbm2ddl.TableMetadata]HHH000037: Columns: [uid, password, code, phone, name, state, addr, checkcode, email, username]
[INFO] [2017-07-19 23:29:20][org.hibernate.tool.hbm2ddl.TableMetadata]HHH000108: Foreign keys: []
[INFO] [2017-07-19 23:29:20][org.hibernate.tool.hbm2ddl.TableMetadata]HHH000126: Indexes: [primary]
[INFO] [2017-07-19 23:29:20][org.hibernate.tool.hbm2ddl.SchemaUpdate]HHH000232: Schema update complete
[INFO] [2017-07-19 23:29:20][org.springframework.orm.hibernate4.HibernateTransactionManager]Using DataSource [org.apache.commons.dbcp.BasicDataSource@24f870ee] of Hibernate SessionFactory for HibernateTransactionManager
[INFO] [2017-07-19 23:29:20][org.springframework.context.support.GenericApplicationContext]Closing org.springframework.context.support.GenericApplicationContext@2c34f934: startup date [Wed Jul 19 23:29:16 CST 2017]; root of context hierarchy
